2020-04-21 21:11:27,999 CRIT Supervisor is running as root.  Privileges were not dropped because no user is specified in the config file.  If you intend to run as root, you can set user=root in the config file to avoid this message.
2020-04-21 21:11:28,002 WARN No file matches via include "/etc/supervisor/supervisord.d/*.conf"
2020-04-21 21:11:28,015 INFO RPC interface 'supervisor' initialized
2020-04-21 21:11:28,016 CRIT Server 'inet_http_server' running without any HTTP authentication checking
2020-04-21 21:11:28,018 INFO supervisord started with pid 1
2020-04-21 21:13:38,813 WARN received SIGTERM indicating exit request
2020-04-21 21:15:31,714 WARN For [program:laravel-scheduler], redirect_stderr=true but stderr_logfile has also been set to a filename, the filename has been ignored
2020-04-21 21:15:31,715 WARN For [program:laravel-worker], redirect_stderr=true but stderr_logfile has also been set to a filename, the filename has been ignored
2020-04-21 21:15:31,716 WARN For [program:laravel-worker], redirect_stderr=true but stderr_logfile has also been set to a filename, the filename has been ignored
2020-04-21 21:15:31,716 INFO Included extra file "/etc/supervisor/conf.d/scheduler.conf" during parsing
2020-04-21 21:15:31,716 INFO Included extra file "/etc/supervisor/conf.d/worker.conf" during parsing
2020-04-21 21:15:31,716 INFO Set uid to user 0 succeeded
2020-04-21 21:15:31,730 INFO RPC interface 'supervisor' initialized
2020-04-21 21:15:31,731 CRIT Server 'inet_http_server' running without any HTTP authentication checking
2020-04-21 21:15:31,734 INFO supervisord started with pid 1
2020-04-21 21:15:32,738 INFO spawned: 'laravel-worker_00' with pid 8
2020-04-21 21:15:32,741 INFO spawned: 'laravel-worker_01' with pid 9
2020-04-21 21:15:32,743 INFO spawned: 'laravel-scheduler_00' with pid 10
2020-04-21 21:15:33,746 INFO success: laravel-worker_00 entered RUNNING state, process has stayed up for > than 1 seconds (startsecs)
2020-04-21 21:15:33,747 INFO success: laravel-worker_01 entered RUNNING state, process has stayed up for > than 1 seconds (startsecs)
2020-04-21 21:15:33,747 INFO success: laravel-scheduler_00 entered RUNNING state, process has stayed up for > than 1 seconds (startsecs)
2020-04-21 21:15:34,890 INFO reaped unknown pid 12
2020-04-21 21:16:34,272 INFO reaped unknown pid 33
2020-04-21 21:17:34,228 INFO reaped unknown pid 42
